0 info it worked if it ends with ok
1 verbose cli [ '/usr/bin/node', '/usr/bin/npm', 'run', 'test' ]
2 info using npm@3.9.5
3 info using node@v6.2.1
4 verbose run-script [ 'pretest', 'test', 'posttest' ]
5 info lifecycle kasih.in@1.0.0~pretest: kasih.in@1.0.0
6 silly lifecycle kasih.in@1.0.0~pretest: no script for pretest, continuing
7 info lifecycle kasih.in@1.0.0~test: kasih.in@1.0.0
8 verbose lifecycle kasih.in@1.0.0~test: unsafe-perm in lifecycle true
9 verbose lifecycle kasih.in@1.0.0~test: PATH: /usr/lib/node_modules/npm/bin/node-gyp-bin:/mnt/data/Projects/kasih.in-dev/kasih.in/node_modules/.bin:/usr/bin:/home/bulan/.rvm/gems/ruby-2.3.1/bin:/home/bulan/.rvm/gems/ruby-2.3.1@global/bin:/home/bulan/.rvm/rubies/ruby-2.3.1/bin:/usr/local/sbin:/usr/local/bin:/usr/bin:/usr/bin/site_perl:/usr/bin/vendor_perl:/usr/bin/core_perl:/home/bulan/.rvm/bin
10 verbose lifecycle kasih.in@1.0.0~test: CWD: /mnt/data/Projects/kasih.in-dev/kasih.in
11 silly lifecycle kasih.in@1.0.0~test: Args: [ '-c',
11 silly lifecycle   'mocha --compilers js:babel-core/register "./app/assets/frontend/**/*.spec.js"' ]
12 silly lifecycle kasih.in@1.0.0~test: Returned: code: 1  signal: null
13 info lifecycle kasih.in@1.0.0~test: Failed to exec test script
14 verbose stack Error: kasih.in@1.0.0 test: `mocha --compilers js:babel-core/register "./app/assets/frontend/**/*.spec.js"`
14 verbose stack Exit status 1
14 verbose stack     at EventEmitter.<anonymous> (/usr/lib/node_modules/npm/lib/utils/lifecycle.js:245:16)
14 verbose stack     at emitTwo (events.js:106:13)
14 verbose stack     at EventEmitter.emit (events.js:191:7)
14 verbose stack     at ChildProcess.<anonymous> (/usr/lib/node_modules/npm/lib/utils/spawn.js:24:14)
14 verbose stack     at emitTwo (events.js:106:13)
14 verbose stack     at ChildProcess.emit (events.js:191:7)
14 verbose stack     at maybeClose (internal/child_process.js:852:16)
14 verbose stack     at Process.ChildProcess._handle.onexit (internal/child_process.js:215:5)
15 verbose pkgid kasih.in@1.0.0
16 verbose cwd /mnt/data/Projects/kasih.in-dev/kasih.in
17 error Linux 4.5.4-1-ARCH
18 error argv "/usr/bin/node" "/usr/bin/npm" "run" "test"
19 error node v6.2.1
20 error npm  v3.9.5
21 error code ELIFECYCLE
22 error kasih.in@1.0.0 test: `mocha --compilers js:babel-core/register "./app/assets/frontend/**/*.spec.js"`
22 error Exit status 1
23 error Failed at the kasih.in@1.0.0 test script 'mocha --compilers js:babel-core/register "./app/assets/frontend/**/*.spec.js"'.
23 error Make sure you have the latest version of node.js and npm installed.
23 error If you do, this is most likely a problem with the kasih.in package,
23 error not with npm itself.
23 error Tell the author that this fails on your system:
23 error     mocha --compilers js:babel-core/register "./app/assets/frontend/**/*.spec.js"
23 error You can get information on how to open an issue for this project with:
23 error     npm bugs kasih.in
23 error Or if that isn't available, you can get their info via:
23 error     npm owner ls kasih.in
23 error There is likely additional logging output above.
24 verbose exit [ 1, true ]
